-1.4726407001095194
-0.1627132724195654
-0.16000501868730033
-0.1412797754992419
-0.206001672099327
-0.20261638926266384
-0.18388606981114153
-0.23797196476709043
-0.2338397151114855
-0.21711484196859498
-0.26189470405482024
-0.25866057010804727
-0.24861050645152014
-0.2797824725229246
-0.27783365988387493
-0.2709381411833015
-0.29183498087048987
-0.2897190352895994
-0.282231061796094
-0.29882481764705965
-0.29598591023089854
-0.28889202192654434
-0.30187560248238576
-0.29858191047694516
-0.2903743589764033
-0.30057750539927464
-0.297075405979492
-0.2906468895517306
-0.2964653879471133
-0.2927960247064017
-0.2870273027055796
-0.28942773452300197
-0.28570066973620584
-0.2790882593143324
-0.27879676898392497
-0.27700649958698687
-0.270531977602199
-0.2688082689558585
-0.26622134001379694
-0.2598534739938177
-0.25553361170146227
-0.25440679745276157
-0.24733412332595825
-0.24185292507102835
-0.24217851419539324
-0.23634535343602933
-0.22847168989377079
-0.2284272266484721
-0.22529309270059517
-0.21261575902112786
-0.21233162939460812
-0.2079829184315779
-0.19614609585201323
-0.19412117689454994
-0.19426795414604023
-0.18108212770408377
-0.17997662075501675
-0.18153204067720763
-0.16452298065181645
-0.16119080318178114
-0.16655132535389325
-0.14652674660039067
-0.14343728404882594
-0.1497611311124275
-0.12972353635231487
-0.12638576390365774
-0.13353672898446373
-0.19247867717074804
-0.18976127816597768
-0.1840376709918355
-0.2281769896294315
-0.22315787414629423
-0.21675640818670935
-0.25419783295743426
-0.24910256424033958
-0.24523605467432363
-0.27526800348047736
-0.27153326196851374
-0.27387299314432767
-0.2893379388067339
-0.28781868640677377
-0.29382518054651124
-0.3006503557639435
-0.3010939566167185
-0.30837642552764755
-0.3101990200712226
-0.3110890010981694
-0.31962277659076876
-0.31707595327220056
-0.31957029176480417
-0.3272910049517613
-0.32258519062939034
-0.3254027794587335
-0.3335389630855313
-0.3254431207375147
-0.3301691436185496
-0.3372797160823735
-0.3281673692311479
-0.33310029753024667
-0.3400208206635799
-0.329723018648837
-0.33414176174444477
-0.34008985018248256
-0.32943118500149643
-0.33368692374284487
-0.33886201275489936
-0.32694181248680754
-0.3310329701321225
-0.3361380482615515
-0.32243604578583424
-0.3262621902048758
-0.3322825662436913
-0.31727426781032314
-0.3201914644061668
-0.3278204923055449
-0.30815907778644336
-0.3122462986263383
-0.3196427003699533
-0.29527654091017513
-0.298654102242318
-0.3047699708175782
-0.27605441320138113
-0.2779841942175728
-0.28472809305785673
-0.24765604016684328
-0.2504155846195535
-0.2585234147310957
-0.21213195304694826
-0.21672699413667365
-0.22330553542488052
-0.19917070233036133
-0.19469723470946795
-0.18649881012337255
-0.24299267255169812
-0.2364790665156044
-0.22607871530904441
-0.27438500108233305
-0.26825065867883446
-0.2581499744817289
-0.298143801179479
-0.2932992546552586
-0.29038232290584465
-0.3156057933104884
-0.31198858183666156
-0.31085966928743014
-0.3272330660776414
-0.3253651174044743
-0.3239230724686426
-0.33618497658553426
-0.3350185562112003
-0.3333115697402271
-0.34180453017711043
-0.3414198602468164
-0.3395674620655411
-0.34789029482803324
-0.3467813319314551
-0.34686652238855525
-0.35056175991400124
-0.3494596433745014
-0.3517865084081613
-0.3527523018419463
-0.35149505784201734
-0.3535345596305591
-0.3522465355796139
-0.3516564868001854
-0.3536529658822753
-0.3513419995170618
-0.3503486256352531
-0.35350656051237084
-0.34848165846919127
-0.3479299021283705
-0.3515512492151786
-0.34557057854958295
-0.34415190284326913
-0.3495470341487939
-0.33962384014617397
-0.3386310974429669
-0.34709731452820564
-0.3306553356398745
-0.33045524901721735
-0.3425446224280946
-0.31695346808484426
-0.3178150086638364
-0.3314715348036207
-0.30197567911360484
-0.30065481517571263
-0.31839318191426036
-0.28433527825711247
-0.28311884443901286
-0.30194370996640485
-0.2597516830319562
-0.2608454369849506
-0.2763261694389682
-0.38453310768071247
-0.3852004585237078
-0.37459749885463717
-0.3795648980813331
-0.38042209015302614
-0.36937917784777197
-0.37567977342721487
-0.37591511907618186
-0.36355823830964784
-0.3709672794235162
-0.37109349185751084
-0.35981328593933404
-0.3666102974844381
-0.3662120280654915
-0.3560318768115006
-0.36218666627305596
-0.36159771652414957
-0.35216908490211973
-0.35670524789976693
-0.35638994529271467
-0.347882606177657
-0.35122280337737993
-0.3507252621446599
-0.3435032144181668
-0.3429535785439505
-0.34356937952787736
-0.33702626013242526
-0.3335226465712132
-0.33432451962774845
-0.3291283395611291
-0.3240821928298129
-0.3252913669763247
-0.32052246748170804
-0.31361234438916136
-0.31543350875420784
-0.3112186814786853
-0.30232986275656976
-0.30472803076306104
-0.3013471583246916
-0.291047237157746
-0.29307444558372747
-0.29073354137824226
-0.27796618202839374
-0.2795701066846667
-0.2782483645688167
-0.2632935262856743
-0.26415836325806585
-0.26413353275219814
-0.24637808518441673
-0.24684452341802401
-0.2475519449175065
-0.23127161769805663
-0.23064873313338158
-0.23186482644242776
-0.21885700231218538
-0.2172484330935868
-0.21915733610617893
-0.20723733301227024
-0.20435233231900574
-0.2062074037879023
-0.1967617537287339
-0.19323780358159087
-0.19496535400305426
-0.18758274361174215
-0.1834070090243031
-0.18505678483979435
-0.29706003633565276
-0.2990541755216988
-0.29339158457379805
-0.3043456041977654
-0.30610516244452857
-0.30062771277950023
-0.311503325825073
-0.3136531697284343
-0.3085061324540451
-0.3188594730489885
-0.3209344699617148
-0.31742681415935625
-0.3259506619625655
-0.32747762231066774
-0.325795654898783
-0.33282235134596555
-0.3338931475957322
-0.3336874493493806
-0.33872116986201867
-0.33966465442773125
-0.3409116257831277
-0.34350450592522974
-0.3443896452244594
-0.34765774819450906
-0.3465804599082694
-0.3480500873080431
-0.3527174494603629
-0.3494839452838789
-0.35130401789979165
-0.3567683985026193
-0.35209192734054745
-0.3537905636882477
-0.3597843780689043
-0.35386631749039676
-0.35584468313576173
-0.36152434043615084
-0.35537753772296143
-0.35800076727668306
-0.3630409585631531
-0.35616783252350964
-0.3585713766557579
-0.362757133899218
-0.3559177008178665
-0.3586938547394167
-0.3617232539908939
-0.35664010829684356
-0.35874335112792255
-0.36109876935196583
-0.3563760303569012
-0.3587529242453929
-0.3603379324634005
-0.3566142540437861
-0.358995752380524
-0.3600111107660662
-0.35752731458323506
-0.3593815409076482
-0.3594374946900426
-0.35772693900853564
-0.3591186076057391
-0.3580410539234571
-0.35888812089817523
-0.36027382457216006
-0.35685812911237763
-0.36084851704810045
-0.3618714994240354
-0.3572548699098787
-0.3629666531894184
-0.3629488183326869
-0.3576863498281144
-0.36487520277679847
-0.36466132576062893
-0.35850954696767834
-0.3675671357668411
-0.36680847058989335
-0.3603178645376406
-0.36934886415171764
-0.36793452801306664
-0.36304485109017587
-0.3711221365016334
-0.36982684679220634
-0.36540663469040846
-0.3724932509937038
-0.37086396071289
-0.3677502278608119
-0.37331973449966865
-0.37173450022020593
-0.3690660025287342
-0.3743857033190653
-0.37309679573576215
-0.3697272533106918
-0.37468910777681674
-0.3741479068933934
-0.37174227160590106
-0.37600673398833157
-0.37512187047977413
-0.37134204272648297
-0.37625600884691174
-0.37573275079673096
-0.371665225295822
-0.3762384073574997
-0.3757851844498424
-0.37076106436983547
-0.3752658756859002
-0.37538958784812543
-0.3699618950855194
-0.3747549740752128
-0.3748921978329474
-0.36806558312362253
-0.3730299997216455
-0.37305772666643455
-0.36542753024304964
-0.37051872646298645
-0.37076993138461084
-0.36334943309461853
-0.3674797968062898
-0.3682815129676967
-0.36046211338065665
-0.3685573948955432
-0.3660358938732397
-0.3597637358712732
-0.3716250363827731
-0.369325954623534
-0.3614085110103833
-0.37736026129638706
-0.37583622323810273
-0.3662780315324159
-0.23747910808934936
-0.2352289267786396
-0.22543779204421047
-0.25640875653103473
-0.2538776790924234
-0.24317850228235188
-0.2741782957549043
-0.27100958046799023
-0.26009115956800655
-0.29025054847103793
-0.2862800961547136
-0.27574493159320823
-0.30443366498272356
-0.3002996840105724
-0.29007564740285824
-0.3177867497333128
-0.3133356898017035
-0.3037364853348592
-0.3294809337179149
-0.3247935645961462
-0.3168261113377936
-0.3404816069966214
-0.33622381080343317
-0.32875687455082553
-0.35105330251042
-0.34640593515966245
-0.34145889223860987
-0.3599328919316667
-0.3561855721737132
-0.3549319344037589
-0.3681128316762798
-0.3651987889177716
-0.36573139594585335
-0.3772583301469232
-0.3746862427070009
-0.37505433215923795
-0.38371786585170703
-0.38199927920823357
-0.38411868964933094
-0.38967379453900963
-0.3884536516808198
-0.38986467420251536
-0.3958696824206104
-0.3949837940790506
-0.3964308545205415
-0.4006493758074502
-0.4001574417943935
-0.40246435740109204
-0.40524042658257653
-0.4047236324365134
-0.4061867249578962
-0.40980684958453506
-0.4099529704344651
-0.41010461932723263
-0.4136715480209152
-0.41340633046480435
-0.4148903959073508
-0.4173691131591149
-0.4171751189386576
-0.4179322072172951
-0.4201321443152866
-0.420265187230336
-0.42153175354105554
-0.4224655019904495
-0.4230484109628493
-0.4248020110807808
-0.42498932662878086
-0.42579105924756006
-0.4261075606445391
-0.4275579371740947
-0.4286726344210545
-0.4287237475002364
-0.4299072305798621
-0.42973213225249784
-0.4314838580932451
-0.43207511371986884
-0.4316620483385166
-0.4340045034827147
-0.43393536748944805
-0.43274531521609905
-0.43538093124778343
-0.43474841709951006
-0.4344570954463111
-0.43670126895119876
-0.43497268343424517
-0.435297347295087
-0.4374359414555336
-0.43653324715392755
-0.43602193404179107
-0.4368681420232427
-0.4370187137657164
-0.43657200550676345
-0.4372065007706585
-0.436977894551518
-0.43665137340693394
-0.43823105458070455
-0.43642744286032326
-0.4367163616937334
-0.4372729231400899
-0.43617852389568773
-0.43707031589071654
-0.4377127471343216
-0.4361484641148114
-0.4371439681129603
-0.4362730912494008
-0.436472420647933
-0.43664542363857234
-0.4349581972488608
-0.43602878437551695
-0.4351652239664087
-0.4350147924477783
-0.4340774844702242
-0.43380788877051313
-0.433652262360022
-0.4325769838884043
-0.43295599952706343
-0.431130028402914
-0.4309564674001928
-0.4314011696673171
-0.4305263172211687
-0.42915097599565805
-0.42932944042591514
-0.42990451269154434
-0.4286298170384469
-0.4282354086257402
-0.42964185295427476
-0.4262704403292894
-0.4289941614089777
-0.4286194878514163
-0.42425635206758444
-0.4265266834663038
-0.4276263960826155
-0.42451217280977993
-0.42557492115155593
-0.4277025321994963
-0.42325360729203143
-0.4247960595308533
-0.4272536081410639
-0.4206059527168125
-0.42401688559519185
-0.42565035344030905
-0.42167558010266415
-0.42047960083500246
-0.42382384117258043
-0.41752249434230115
-0.41887918881533115
-0.42074203475405497
-0.4146407141890607
-0.41641056042730923
-0.4190518347612915
-0.41088672869942866
-0.41198131345875266
-0.4152939226350623
-0.40618872261042366
-0.4062533862876121
-0.41106970611103905
-0.399622961554582
-0.40188900572472525
-0.405286933811735
-0.39704862014036574
-0.3971443658098184
-0.4008987790044165
-0.3891906139521906
-0.39006349627354037
-0.3944904274966714
-0.381203657437797
-0.3813963407511605
-0.38667800647995465
-0.37322636252078084
-0.37130848261809885
-0.37721916220338964
-0.36273902826447946
-0.3613291742694531
-0.3692426989295131
-0.35175912533947046
-0.3505143338274521
-0.3591059604267728
-0.3383323642725266
-0.3373795425092672
-0.3458339648643458
-0.32510829954047443
-0.3245147868202443
-0.3336242469995259
-0.31013757928019586
-0.31041358406666053
-0.3196759665016504
-0.2952145485964708
-0.29554712187513626
-0.3049517705957887
-0.2784342406854279
-0.27899910653141485
-0.2879911899862528
-0.12870553837834495
-0.1317695378094782
-0.1402716058728552
-0.13699485510595516
-0.14021177476942734
-0.1485874058943516
-0.1455708103531023
-0.148909303825763
-0.156295622880968
-0.15466002395747921
-0.15757940709121362
-0.16477279328123698
-0.1642157201885361
-0.1660722785145204
-0.17234600362538643
-0.17176023132284363
-0.1739161153903005
-0.18010387174647197
-0.18088352040341987
-0.18332699747671855
-0.1889314958685455
-0.19119645418118497
-0.19280123651728803
-0.19859905207075415
-0.20116809959191806
-0.20281392080791621
-0.2091993589667613
-0.20643533929348562
-0.2084461723190692
-0.2137228662092632
-0.20470215225998933
-0.20659366086171616
-0.21042311196395874
-0.1949944125945958
-0.19668705917915832
-0.2004615438076819
-0.1752765418482291
-0.17766450157908464
-0.1817819756506328
-0.1459324915205387
-0.14997824812634972
-0.1524444026187469
-0.1496467308461991
-0.14744742337502892
-0.14977639097421222
-0.15807936312908116
-0.15589125393932746
-0.15705450365067633
-0.16641660690917998
-0.1640431655496188
-0.16494816893804518
-0.17575371118577596
-0.1725739647792383
-0.17321928365030775
-0.18587813280748636
-0.1823922834627938
-0.18243557841035368
-0.19548043656477998
-0.19269657446009852
-0.1920714013019804
-0.2075901657656686
-0.20485751413525158
-0.20331338352173384
-0.2211891594559206
-0.21869797415150719
-0.2162217744778701
-0.23659202023686682
-0.23485921458252473
-0.2314328370298296
-0.2503838587137006
-0.24956468989101271
-0.2458762467758727
-0.26165168959596324
-0.26151886460236934
-0.2570550122937031
-0.2720114865304815
-0.2731754087048484
-0.2684031967115625
-0.28095768729390225
-0.2825488292159427
-0.27786480967247723
-0.2885866181715622
-0.29106098861301893
-0.2860315487560818
-0.22181983526114846
-0.22519543983640766
-0.23331772335539183
-0.16167781471774018
-0.16717426471456753
-0.17075605978650474
-0.25583767340852975
-0.2567840567745174
-0.2618731430142692
-0.23690802496684574
-0.23813530446073436
-0.24413243277612776
-0.10458135916490487
-0.10929289735572123
-0.1093539135819587
-0.21913848574297698
-0.2210034030851675
-0.22721977549047542
-0.17356322598200893
-0.17780570089036277
-0.1854931080366275
-0.11997398063772205
-0.12646975181708228
-0.13160763451906957
-0.2030662330268434
-0.2057328873984437
-0.21156600346527293
-0.18888311651515666
-0.1917132995425848
-0.19723528765562628
-0.13770780866012797
-0.14207540396469612
-0.14644339634105077
-0.0761686145683339
-0.08294728829823453
-0.0838713045927873
-0.17553003176456838
-0.1786772937514529
-0.18357444972362608
-0.1638358477799668
-0.16721941895700973
-0.17048482372069146
-0.09049020169446696
-0.09641066708179544
-0.10073461256328244
-0.15283517450126002
-0.15578917274972337
-0.1589291005849933
-0.05728788584715508
-0.06459389582731934
-0.0657971672806448
-0.14224587196697772
-0.14565033873271815
-0.14837913232080152
-0.10907170726851943
-0.11252692127898246
-0.11500843298213186
-0.13332531486591348
-0.13597190281598062
-0.1373765543822626
-0.11234005510717168
-0.10974262543171749
-0.11607121148515556
-0.17778624325834758
-0.17435971917472137
-0.1759760265721849
-0.09753107949210406
-0.0944816109144791
-0.09833584555520535
-0.16906472599513928
-0.1657360297748322
-0.16710008442436555
-0.0715336465030345
-0.07125441886035294
-0.06876423886916033
-0.06544618815117517
-0.06461709374300374
-0.05990481508702948
-0.07731588589740383
-0.07723501529195995
-0.07657448972308155
-0.16103945704852957
-0.1572607245705872
-0.1579373669724272
-0.05785878262755188
-0.05702124512064505
-0.05152005585533078
-0.2148821161805771
-0.21301387702174152
-0.199319745072228
-0.14686208665401704
-0.14354683043548686
-0.13350095769525755
-0.11779426192006363
-0.11499969944214766
-0.08990022610120708
-0.18336488587331498
-0.18160831267549168
-0.1675833325645919
-0.19820815170419837
-0.1964658616780212
-0.18230752847045348
-0.050614624657286104
-0.04980943272176047
-0.0451525868983891
-0.1105788218345533
-0.10871193617518188
-0.09932388948978417
-0.15558756758721262
-0.15464235423288328
-0.14128322049155886
-0.16855980476522445
-0.16750710992190737
-0.153635052066716
-0.04410076206848542
-0.043102153568453615
-0.039476567549430214
-0.0880249604912124
-0.08618493637994312
-0.05927105134139955
-0.13167959806055377
-0.130624433714932
-0.11772102165259017
-0.14229285852396023
-0.14147647592112575
-0.128011224929132
-0.142654126651024
-0.14108274048666922
-0.13358714613733116
-0.10565285072455095
-0.10488432763685787
-0.09608283402184352
-0.08249965382907519
-0.08133797112130477
-0.07425705418781575
-0.12146571473384084
-0.12060974239161357
-0.10844924178476385
-0.07673250905500911
-0.0764883495256895
-0.06777394931208176
-0.06679088821316022
-0.06521634187868891
-0.039486934402661406
-0.11232229649130354
-0.11045190598315818
-0.09874930902417647
-0.05585958727298924
-0.054838566160791254
-0.046077754407692795
-0.10365021753590234
-0.10174084690485284
-0.0906657369708581
-0.12058989950806435
-0.12446650048590288
-0.13442765210437577
-0.1420939781204988
-0.14128772140849674
-0.1438077206403146
-0.06912483413247432
-0.07364912535439483
-0.07623550641722392
-0.12490544936671183
-0.1269541040551443
-0.12787950389805747
-0.043165344712896674
-0.049541117412961744
-0.050433115145347276
-0.11563232649534298
-0.11746665026591491
-0.11913589702956723
-0.08129128500821546
-0.0821323377100937
-0.08118386428008391
-0.15291536012995904
-0.14941998723428773
-0.1489412727622245
-0.03838887466130129
-0.03714980954366797
-0.03602467076007009
-0.06236068835053595
-0.060117226637025074
-0.05409419021033954
-0.09583880319852116
-0.09345445444882208
-0.08379745319133361
-0.05194559674390003
-0.04994926482059677
-0.026843360009725335
-0.0889675696846327
-0.08750286657864668
-0.07781670936275376
-0.11484673037385633
-0.11742042023390531
-0.12599837398080455
-0.13661153359811215
-0.13562303826044164
-0.13942832888082463
-0.08665592711887918
-0.0883045218625439
-0.0901043295934243
-0.10907716314628561
-0.11010913991425637
-0.11110897658952894
-0.052957426067693984
-0.055936777685281304
-0.059153251626172056
-0.10285121615530471
-0.10355210715817424
-0.10524052814992038
-0.08372357115112505
-0.08002570927862705
-0.08136287724934586
-0.08452981254996521
-0.08523251904105793
-0.08199732668488899
-0.14494966551573113
-0.14223532659409632
-0.14009992876904562
-0.08596025802392449
-0.08596051055668634
-0.0806072684407403
-0.13707332441138195
-0.13507290086884027
-0.1320252383906775
-0.03274705158414704
-0.03199700921676211
-0.03426370620684277
-0.08197650880177115
-0.08077905024306198
-0.07144793385348988
-0.041175439596426874
-0.040668517571530755
-0.030693251562203244
-0.0477913138355157
-0.045530330944374926
-0.03863884135229042
-0.07588423691042015
-0.07445294671616035
-0.06576646379616016
-0.039644448314176566
-0.03833938525041077
-0.017171239941848757
-0.07032920880822469
-0.06927143339173424
-0.06060773656632046
-0.10881439493696098
-0.11043840650479332
-0.12023329560499693
-0.13113011522482287
-0.1304152670290062
-0.13514185015636226
-0.10393539332878225
-0.10416561932435864
-0.11318054846602761
-0.12670648401344065
-0.12580095548766423
-0.13127905824698116
-0.09803818787684626
-0.0975250020656669
-0.10632142795223422
-0.1223495020743622
-0.12091949169564481
-0.12749764911914774
-0.09150896895082476
-0.09095384948466095
-0.09971126936919444
-0.11763700807066359
-0.11609786447697404
-0.12375269674883467
-0.0356071095820924
-0.039522184313569186
-0.04042762075982499
-0.09636075645434548
-0.09689243788378005
-0.09848156598973139
-0.06982486883885383
-0.07161290380102436
-0.07276918364080197
-0.09136914529053242
-0.0917062141209581
-0.09262213057621889
-0.04247772305293513
-0.044138298405260054
-0.04737165749718862
-0.08649225885804479
-0.08681537096922066
-0.08776893399134879
-0.030279065936134282
-0.03222780775230554
-0.03247263245774767
-0.08135619790684163
-0.08117035103337465
-0.0821060960907209
-0.056573823339779
-0.059240368734773084
-0.05921454520399902
-0.07722484734011718
-0.07729364701759132
-0.07750360232875582
-0.07162407512174304
-0.06728764952419374
-0.06775740848214089
-0.06033912391658228
-0.0570028075530384
-0.05724694112839262
-0.08593947415857332
-0.08520098350885129
-0.07899002183496025
-0.13043023973397083
-0.1283491426547238
-0.12466594999974827
-0.08564288930613013
-0.08445502003568181
-0.07804207787704313
-0.12453558584608529
-0.12253976525198025
-0.11754684707871248
-0.08576523756983274
-0.0825900398815352
-0.07723867926695091
-0.12006002016871094
-0.11794672571791849
-0.1121022048024006
-0.08530125664311197
-0.08104529739419919
-0.07487287394241277
-0.11617756790093949
-0.1136423100577592
-0.10725001051828259
-0.08253188360315519
-0.07882423757714503
-0.07246823896763827
-0.11249586057225151
-0.10999638976490798
-0.10324580373797558
-0.08088536088968241
-0.0773848722295534
-0.07006434207789339
-0.10918477369665029
-0.10643585634748991
-0.09962699058784141
-0.028114339034633284
-0.027438167031745116
-0.03283898942290811
-0.0651951578630826
-0.06438986776255032
-0.05726407306020008
-0.03671257086227637
-0.03628721453755293
-0.02986367543792959
-0.031239896919344357
-0.03089667004755449
-0.013302141006195117
-0.05577142037581904
-0.05628107671059308
-0.05050263379994357
-0.060526300527695344
-0.06021423603478577
-0.05355316652847665
-0.0237956393578248
-0.023683165888191828
-0.029697409477424316
-0.05191968043294202
-0.052014716917327404
-0.04713008359167222
-0.029017318921355506
-0.02884553304619652
-0.02438788267185432
-0.04867508707106486
-0.04853171132830194
-0.04427927179513662
-0.030472778481109034
-0.03037609379100389
-0.01965868788186258
-0.02565690303568827
-0.02549427160345668
-0.011608264732315505
-0.04533959186518666
-0.04541173105243922
-0.04160278433936758
-0.022875408535908116
-0.022742501250644993
-0.013838509655549527
-0.08424887637171062
-0.08366370689204908
-0.09185886178206583
-0.11375188341654531
-0.11159089340012976
-0.11793175721071097
-0.07476583566978347
-0.07522390809133887
-0.08415801654496888
-0.10878367381716607
-0.10681252502944852
-0.1127134362038455
-0.0646766304915559
-0.06537279806978945
-0.07616321969635022
-0.10382861673228286
-0.10224243314183498
-0.10720972109460718
-0.05337766159286516
-0.05444349081277427
-0.06809428816645045
-0.0985037947371042
-0.0977313720227503
-0.10255911785311937
-0.048685658712791645
-0.04750741555087326
-0.03726756118545265
-0.0936272738106078
-0.0922628285345154
-0.09734252070938748
-0.04512613314423904
-0.04328788120997606
-0.03446482968667022
-0.051708384858866314
-0.050432950460919564
-0.041467390151676206
-0.08817861719909652
-0.0877053802555345
-0.0929787840377441
-0.03915198624072705
-0.0368696350720454
-0.03104650139825776
-0.034017838147382816
-0.03158861693810964
-0.02855541965887751
-0.029503007044834932
-0.027927186508080577
-0.026072895428645906
-0.026128039119839085
-0.025144014992313043
-0.024041427379640722
-0.024253607597393496
-0.02344498153699799
-0.022368121400130992
-0.0224212360274065
-0.02180461805171249
-0.021004646996104586
-0.0215442764516789
-0.02009331031993382
-0.01985294693541698
-0.02065102400033857
-0.018053278282818344
-0.018289057124756883
-0.03372108687500609
-0.03442967087834991
-0.03730230489031723
-0.07290455338086681
-0.07315842353034004
-0.07337798776914138
-0.025755382043039454
-0.026703605513925227
-0.026183119081080855
-0.06931090118508054
-0.06929628921111512
-0.06852452712791036
-0.04613867086239779
-0.04945339539979211
-0.048402530132473344
-0.06620428138793882
-0.06571388468698922
-0.06441973509654653
-0.026924929914739146
-0.02692032993762197
-0.029638185904322475
-0.06292275482771671
-0.062095098758621715
-0.06108152899955696
-0.050852262026843544
-0.04879411145354565
-0.04915614167339229
-0.07763792574005321
-0.07440944490003538
-0.06783861267044533
-0.10599198418638404
-0.1025657155291366
-0.09610308219616862
-0.07630050966790786
-0.07210299275603217
-0.06991869530886916
-0.10335866161699256
-0.09976239431347629
-0.09391784885498873
-0.07683581981461361
-0.07442568360516137
-0.07272317489034057
-0.10097934460377313
-0.09723417889096722
-0.09244047111341372
-0.07990275838402212
-0.07644146191889942
-0.07533346299608286
-0.09798455174135852
-0.0948202072510239
-0.09062731975978446
-0.07882136399806879
-0.07758450709696268
-0.07739386638218329
-0.09567721820507444
-0.09253871817621258
-0.0891854861998072
-0.07955561795397813
-0.07731221861789075
-0.07989635811540666
-0.09272159493713761
-0.08947022496506067
-0.08646560088388504
-0.02005013065249284
-0.02024328907061483
-0.02732914938975386
-0.04190862616033132
-0.041592727321108705
-0.039051471123711955
-0.022941572476351074
-0.022525777796414584
-0.02024663991241199
-0.038967759706456245
-0.03875488703481145
-0.03652537761008011
-0.017632056658863103
-0.01725272525412197
-0.009315773312867787
-0.044941615097816294
-0.044755412983642294
-0.06007495952393588
-0.053108753923230965
-0.05255663606668165
-0.044558549805728265
-0.08383009916071657
-0.08359247667903706
-0.08835497850245949
-0.055145090416307524
-0.054095262750396646
-0.047250472718544774
-0.08000897656644075
-0.0798500435416342
-0.08454826964099535
-0.0200656105255412
-0.016260489287197123
-0.016017204964073137
-0.02210294186711178
-0.02143885912736443
-0.02113409326704301
-0.05946334648678188
-0.05841867403242812
-0.05707204337323244
-0.037312741895081825
-0.04178340649479144
-0.03974610313786208
-0.05607515874659377
-0.055953876685607376
-0.054362270466556666
-0.019836347103102652
-0.02099060627150537
-0.023067784321303433
-0.052739157717339495
-0.05292953951384016
-0.05129076331717204
-0.018087588540506034
-0.017362834413352513
-0.017461824325542465
-0.04980837052758549
-0.05081048277565564
-0.048430412542570994
-0.0434238189936426
-0.04259268369718993
-0.04205791628751494
-0.03725086293292057
-0.03697981490506366
-0.03588955168838437
-0.0770631697366419
-0.07427831987343227
-0.0782143055145124
-0.08930520059989971
-0.08633368588464913
-0.08431939513063333
-0.07260262843874846
-0.07056836789158125
-0.07498914923052151
-0.08640035605532936
-0.0840084136459619
-0.08194858311561735
-0.06764571952995155
-0.06575714587283965
-0.07028573005128252
-0.08305345339440467
-0.08108095875344863
-0.0795320427341999
-0.06204565929265486
-0.06025540341721993
-0.06358311776177436
-0.0796105973343023
-0.07787366191555678
-0.07700522642378034
-0.017564938041647427
-0.017618258498336845
-0.01342210866200597
-0.015407733864452988
-0.01532381288060899
-0.009246312682917368
-0.013892954985579554
-0.013440045754380738
-0.006959433885095955
-0.012590574172778797
-0.012019983036543962
-0.00491490599016398
-0.011713643607242263
-0.01096826655383614
-0.005101489643896184
-0.010735677053917146
-0.010351782375687155
-0.007597461931522068
-0.00962016211406081
-0.00932427083295999
-0.00877453101476799
-0.021462271022527905
-0.020802631633025464
-0.009627248792757047
-0.036297817850829805
-0.03618515467354576
-0.03345221114597962
-0.01693056489065977
-0.017006953568260194
-0.023704955752075624
-0.03297621040463513
-0.033223532054510216
-0.03097087568486922
-0.017730859287916328
-0.017339265701250037
-0.01628722172698316
-0.030366364456615075
-0.030278944410586584
-0.028298801974648857
-0.01732044234906224
-0.016599338110741074
-0.006972910989274172
-0.027703620109913982
-0.02772717687038369
-0.025286945656787227
-0.0364245763014879
-0.03727242979461512
-0.05151139388606873
-0.03020862004184043
-0.03526410193797381
-0.0333824389018294
-0.0476144767573376
-0.04783818164568129
-0.046063430087611254
-0.057661946149012225
-0.056223048655310665
-0.05707454139907304
-0.07602673377996616
-0.07477754377364447
-0.074040723950115
-0.01836478763095399
-0.01855449511833373
-0.016966182551041906
-0.013600976541556025
-0.013539293603178572
-0.019723578977869922
-0.02501948420250712
-0.024784498758019732
-0.02279520171693044
-0.012919162114509542
-0.013052871801174726
-0.0058482497032739155
-0.03048595342164807
-0.03075396028403606
-0.043796428696731886
-0.0244578544462789
-0.025275964639934922
-0.036967094036689546
-0.05826501048663403
-0.05789393971129104
-0.05225512772033115
-0.05641648795121749
-0.05570061513554672
-0.05003653472013513
-0.07390908334640817
-0.0745042247802016
-0.07653238181969851
-0.07635027839606284
-0.07644281884693842
-0.08048460021691273
-0.05986434904670526
-0.059290469196047114
-0.05436500717681956
-0.07124772801330811
-0.07199070225900599
-0.0733951422251038
-0.06044251441541738
-0.060584327847297934
-0.057929838931758515
-0.06093077046349884
-0.06061412867821189
-0.05682744499689804
-0.06738846509314021
-0.06851518425044838
-0.06775433661726957
-0.06924601764518129
-0.07030436154870968
-0.07031206191936548
-0.060245759830859086
-0.06040038034671945
-0.05869656021317246
-0.0659101083007795
-0.06702032566789731
-0.06523223135877512
-0.05910088504203175
-0.0593069234264098
-0.058931919046677654
-0.06402045258759229
-0.0651280686787933
-0.06383459120485352
-0.05770724166483875
-0.05841316600014377
-0.058427021208098034
-0.06256554849388
-0.06339161224651818
-0.06186828519058888
-0.055999650861272135
-0.05639753351891656
-0.05717681628225355
-0.06119339966938127
-0.06181776752417713
-0.06044304535046049
-0.01876241685151186
-0.01417047019081592
-0.014616167328694616
-0.017405856715497055
-0.012574079707707426
-0.012680991185781849
-0.014951230332683193
-0.017341365729065163
-0.01894484219071025
-0.04600992384944785
-0.045772685442234416
-0.0441325132333067
-0.015976422240614355
-0.013905774357653557
-0.014568835639912911
-0.04328366735105589
-0.04395873689792921
-0.04204763659466961
-0.025631763422883935
-0.03157080188366251
-0.029740057413141844
-0.041366896425885126
-0.042241818783451464
-0.040750884240194025
-0.031682372605117894
-0.03344764836230309
-0.03096858821702855
-0.052736196038686
-0.05144827866302522
-0.05035722527028201
-0.07271310231784708
-0.07155190265950855
-0.07153145850453856
-0.047551579804172656
-0.04603924538696252
-0.04463779725778305
-0.06875290953158997
-0.06800672146486345
-0.0681743636767763
-0.021201329727417246
-0.021967476077900935
-0.023536566418993328
-0.02284092005903616
-0.024230825240813065
-0.02529022295642485
-0.06576030149619484
-0.06529629355532712
-0.0650613726745981
-0.01997690627916109
-0.02010362399648327
-0.021174233234256577
-0.02447880248546681
-0.025227272362579947
-0.02705576061936234
-0.06267426244333546
-0.062104203700148686
-0.062147430518311585
-0.008478339282801742
-0.008488275700852567
-0.00944097023457199
-0.007623394756460159
-0.007649342392060803
-0.00922789477724679
-0.01352819903042862
-0.012767626953129893
-0.011610790823650364
-0.022878462940754428
-0.02217068416639712
-0.0205779623131896
-0.013925600572931464
-0.012656574719435206
-0.005058537836783979
-0.020985775167004953
-0.020395070167622965
-0.017528564016296308
-0.009314516958251471
-0.009224141265631312
-0.0023587392441984574
-0.01951771429998292
-0.019854176406611655
-0.030017680828268063
-0.05352855801946951
-0.054131242669458825
-0.05520789186989069
-0.059520382552910554
-0.060081933060800986
-0.059756869849762556
-0.051227081169486134
-0.052234244603344894
-0.05371478195865915
-0.05820761584996658
-0.05878216198476228
-0.05920471129370826
-0.04876770076938363
-0.049932058184612084
-0.051812506621014616
-0.05699673619944837
-0.05719779149839901
-0.058818706844065205
-0.015735133003001257
-0.010671016899788933
-0.011010826827052166
-0.013424981140638522
-0.01143646795049417
-0.012191446119945704
-0.01185210991486546
-0.014085951243191758
-0.015672317087890793
-0.03995095147280376
-0.040323353696026874
-0.03857063440535707
-0.039096750966106514
-0.03905796217029805
-0.037530063454044825
-0.014086765984844521
-0.009016253220319341
-0.009515070576833045
-0.03784378266385809
-0.03674131033721236
-0.03530370891250951
-0.010083872694366306
-0.011419689277110567
-0.01295372157676162
-0.036182542216062694
-0.03447394527257279
-0.03350927979278434
-0.012347895660699026
-0.00709586368264172
-0.00773083554077035
-0.010615099811131819
-0.008935294438187233
-0.00982369943001791
-0.033965897909191585
-0.03319687574818649
-0.0317747754964312
-0.03226851291985498
-0.032063260828727576
-0.029500940893772597
-0.02375701667901367
-0.027725057116893027
-0.025788638335676455
-0.019920617259156028
-0.024967397146085847
-0.021770105353002254
-0.007575965491375814
-0.008837220703848077
-0.010281592868189695
-0.03153567691774057
-0.030477917912259345
-0.02837172704167226
-0.008215493433549237
-0.006974577832588369
-0.00789172408127007
-0.03037343315285932
-0.028778039615505985
-0.02788210468091859
-0.027287737418428944
-0.030052962540275615
-0.027478800954756695
-0.025671769825468097
-0.027621494219803873
-0.025338617334099114
-0.023350798098059813
-0.02426158130999926
-0.021951076066413288
-0.042919381437158635
-0.04106546831451408
-0.03977114971817337
-0.03819545995786862
-0.036876931337568766
-0.03509166989894945
-0.03444564512248486
-0.03357222610754828
-0.031673840652396056
-0.03195394371749853
-0.030928838085831866
-0.02826356996826003
-0.059630130834794334
-0.0593312553160889
-0.05911766184720996
-0.05743149850433081
-0.05688687108643211
-0.05637664733915946
-0.025477554786832297
-0.02595803300060028
-0.028113077370899534
-0.02508393384980467
-0.025573792980652384
-0.02820606204748143
-0.024165163689385767
-0.0254373235738668
-0.026952872834199313
-0.054910625591221694
-0.05378811913860093
-0.05374909054293692
-0.05271756542028309
-0.050844750991865834
-0.05033643209380565
-0.02518448571230949
-0.02575902920854066
-0.027443821194814057
-0.023783078294154724
-0.02457198771761942
-0.026766656018386632
-0.049921582416407775
-0.04837592882293393
-0.04821455571472968
-0.02297115807169916
-0.024873352634563632
-0.025792680370227736
-0.022871135906458454
-0.02416879393921319
-0.025780694670832032
-0.047814755005786504
-0.04597587120771579
-0.04533364784329517
-0.04583064612707198
-0.04423709684430815
-0.04315472846354308
-0.022404307039834367
-0.02350559858625429
-0.026098135756034865
-0.04414182246557149
-0.042119170924829835
-0.04081665815326406
-0.02226928556678521
-0.026674165487487973
-0.028042827213686276
-0.04221152902660402
-0.04067796687327067
-0.03876075171794625
-0.02583702215433159
-0.03129052540182805
-0.03130256619355787
-0.040277805209792815
-0.03910521334508744
-0.03733513517443624
-0.03087662462595514
-0.03339867534341049
-0.03194866252746754
-0.038967955874175994
-0.037650575489508904
-0.03560652346140331
-0.0309611086108717
-0.033641046599970595
-0.03234800885643722
-0.037658367492493176
-0.03602609032992545
-0.03387003764008098
-0.011058558726222899
-0.010701952050328905
-0.014898065540808495
-0.01929447493833312
-0.01820135732522722
-0.014294479011650684
-0.010499576968761606
-0.009253798207507272
-0.007572111285378185
-0.01140232223151962
-0.009540861394565553
-0.0021351660080318018
-0.0163879354735571
-0.015038256450195521
-0.010509246072419716
-0.017792587671449273
-0.016238659689124652
-0.012507948464347057
-0.009022694883926376
-0.0080198953564577
-0.011694150754232949
-0.014931171306276603
-0.013199159262941523
-0.009353550047629064
-0.005110663553076106
-0.00446284482406676
0.0023582807699740077
-0.0070069212434521345
-0.005978304467705101
0.0010685802077614322
-0.014835546828301864
-0.01538252304052033
-0.023824962353222436
-0.04611969963512719
-0.04786952812811625
-0.049432666834836325
-0.055728476403233654
-0.05579975513301844
-0.057269929586265325
-0.04307620480007241
-0.045266122376633786
-0.047030749542769305
-0.05432339452849493
-0.05428662144682487
-0.05558386128025282
-0.03967311615902563
-0.04156218588461765
-0.04325758349697472
-0.052857667115476646
-0.0522678222135641
-0.05305083872482344
-0.011247189728422587
-0.009020499070191111
-0.008553111737483389
-0.00960877676810653
-0.00793022700490221
-0.007837262751428856
-0.008229035430064766
-0.007265733313786938
-0.007006200223050499
-0.006974408650452518
-0.006549861158378903
-0.006316126805575065
-0.005819075847241619
-0.005800141226391941
-0.005305606595210753
-0.01858306056562404
-0.021660694562705685
-0.019694462300207553
-0.02938410369305068
-0.027388281831328812
-0.025813742152443163
-0.029826691741417045
-0.02821432615794858
-0.025543028495455603
-0.030542319611401317
-0.03323411002457474
-0.031017263380240957
-0.031132112791728415
-0.03371426114540172
-0.030204678477821618
-0.02229771393811924
-0.024107608178464284
-0.022697420773696974
-0.023187950378001934
-0.024955656906872535
-0.023343306194979953
-0.011233910007513746
-0.012698512009665193
-0.012303295664423836
-0.012127903469208876
-0.013934327173219147
-0.013823182431459653
-0.0008939934616951269
-0.0012358151635539559
-0.0015198867670358196
-0.0008902364398826948
-0.0008480487284082494
-0.0006458854212829842
-0.0005897931803270976
-0.0004801511208269817
0.0008125849024193473
-0.0005973966392447668
-0.00028117196343489787
0.0005380445330389208
-0.0001988070724000048
-0.0001780878572874524
0.00035993207226051846
-0.0061961187270206846
-0.006352808846183636
-0.008274088926074823
-0.004948614708908172
-0.004789402807937341
-0.007611572443534818
-0.004292207143628425
-0.003550657967959151
-0.0054389474362381155
-0.008064402305749969
-0.007229099923589073
-0.0049198467803322115
-0.013499866992894675
-0.01203231261343615
-0.008395156440569942
-0.006848638582259938
-0.00626439298337304
-0.008718597953718927
-0.00917611753013167
-0.007346897789827647
-0.0010109210070292803
-0.010953887641030184
-0.00971770646116424
-0.004546236019672086
-0.012334174214184757
-0.01094295081583538
-0.005742480369641933
-0.0059076807383730764
-0.005284473435957951
-0.0017166620492886089
-0.009573043480844867
-0.008457185561402267
-0.0034995912681277464
-0.006659061387929285
-0.005324857532802828
0.00020705339916718014
-0.008502510060670284
-0.007421395700800172
-0.002015668258595498
-0.0050633312495950355
-0.004710567053594134
-0.006633267442831423
-0.007334392171423145
-0.006326974615051544
-0.0014648064986809723
-0.003678651307628976
-0.0031053994621924033
0.004213893429456646
-0.004985613242037474
-0.005497395055629966
-0.00837408006438786
-0.007060174594073476
-0.007738495448187748
-0.012470026179512383
-0.010383177760851731
-0.0111278387596426
-0.018314034667513177
-0.03593833118572796
-0.03759521836192502
-0.03956025809227946
-0.0513752072052994
-0.05065820022754745
-0.050920763211905015
-0.03111579076707943
-0.03249037230332101
-0.0349998971166788
-0.04918948643401434
-0.048885962301454984
-0.04732129801940801
-0.021764471240742912
-0.02236896125796097
-0.024601773337099068
-0.026375486731986874
-0.0272517882337651
-0.029277281606784687
-0.04398093251695582
-0.04354700620757111
-0.04083422340853142
-0.04648426631474489
-0.04629775676085908
-0.04355404523780656
-0.017357246020987288
-0.018570833396098267
-0.019530160512348564
-0.041263532935904304
-0.04072134113155025
-0.03778751639527443
-0.024498553908320054
-0.023846674509936112
-0.02066988587095321
-0.03869212145967817
-0.03844942517420896
-0.03558484594673196
-0.02524030720933266
-0.02488704734151832
-0.0226967910654646
-0.023906286914917026
-0.022150507735451998
-0.01825735588292588
-0.03641973607624029
-0.036084949922771246
-0.03314720995417456
-0.025387494883732546
-0.025099445737585338
-0.023585109383854667
-0.022216461276212938
-0.021178044949610137
-0.01623245007143232
-0.033790287357377546
-0.03367921258392148
-0.030635952304275665
-0.025507873146856534
-0.024859630884183095
-0.024429402977570392
-0.03194725958853462
-0.031446500747336015
-0.028166894299161357
-0.02010877958275807
-0.019045968527093993
-0.014276763631021878
-0.025864041109415568
-0.025118789664574065
-0.024804004988486495
-0.018073695666934987
-0.01639558999813401
-0.012321400902729122
-0.03026569031083319
-0.02973244406990395
-0.02615960403449099
-0.005321946194181631
-0.006657054086729329
-0.0087833970775831
-0.027867987651391174
-0.02649838845369525
-0.023954211220957693
-0.015436876019571548
-0.013062981865622433
-0.011360505119625549
-0.01318455095645111
-0.01070563632894646
-0.009793255227848683
-0.004737821383376038
-0.005156526544441949
-0.004401842226428136
-0.004043881195478778
-0.004245930735167889
-0.003179773126974446
-0.0030761188728195793
-0.0037246070843861678
-0.0026799505004130577
-0.014193567551358083
-0.014602750664272867
-0.014914960075778775
-0.025728190026021946
-0.02479182658634173
-0.02478386350887264
-0.028728993585081172
-0.02822603009999998
-0.024280753251603376
-0.025788869773303264
-0.024807493029042123
-0.0247155519984572
-0.027655268313061806
-0.027066655595604807
-0.02329252603758192
-0.025584939290226923
-0.02475249587583003
-0.02460328889530264
-0.026676301420899676
-0.026016170527194068
-0.022491280795720683
-0.024839094595765613
-0.024647322620568336
-0.023390664671433165
-0.025276689726565216
-0.025083573076715857
-0.022106339785262417
-0.0021787756163422914
-0.001507415374734452
0.005111382227337113
-0.01117942886690757
-0.011197902581252951
-0.01045041888871002
-0.023993650085492032
-0.023975202623315105
-0.02291895511532719
-0.02416537190189126
-0.02399918647070084
-0.021733359275608086
-0.023196235796669337
-0.022898503261060497
-0.02112092535884471
-0.023421105740533722
-0.023046935088584065
-0.02159824731842569
-0.022001931063912242
-0.02193258863121956
-0.020608347289141384
-0.022416454019583608
-0.022300034648392194
-0.021415351390655195
-0.002506291785867383
-0.003023892295170152
-0.0018041117829899465
-0.001960337435685363
-0.002433461347520554
-0.0014504176211230754
-0.001255072587609119
-0.0019517374223100303
-0.0010145907429551697
-0.0010002012057512874
-0.0015723943033162716
-0.0007161003807714506
-0.010801043127426718
-0.005727587268623122
-0.006119279852235608
-0.0008085260314724397
-0.0012277620283903624
-0.00045229174614535314
-0.00907458870338562
-0.004277791404411409
-0.005066114340321435
-0.006284447560351251
-0.005012628727221226
-0.006372445725254105
-0.025719204752975844
-0.0250226878926046
-0.021143704494126992
-0.02513771500825843
-0.021426094823070004
-0.019639976083353886
-0.007117296738827591
-0.003154236383574153
-0.003784212751567492
-0.004464336110676556
-0.003586131488345227
-0.005052805075347934
-0.0035274924899421547
-0.005246023386221321
-0.006910284242512853
-0.023720837565108167
-0.02007456903441338
-0.018081754636499
-0.02012952161703435
-0.01790635107329861
-0.015329131063849118
-0.018143493772905826
-0.015202207104975765
-0.012927243325745717
-0.002653269624243419
-0.0022646721842035445
-0.00341460160849119
-0.0021662626561274943
-0.0035299591759129427
-0.005028074708648247
-0.016939408405247512
-0.011715021247371506
-0.011157947818229473
-0.011114900867519088
-0.011319146683368123
-0.009933927357424873
-0.004951142163839679
-0.0016691999836045128
-0.0025747901812067093
-0.000218942508935074
-0.0019752971169822815
-0.0036335707246742113
-0.010599129292495266
-0.008743926975275011
-0.009304827244227844
-0.008346858500593683
-0.006330989734112851
-0.007651363730870528
-0.0004256387349414561
-0.000976294674679975
-0.002056390741156764
-0.00654581588802997
-0.005578723378242759
-0.006250548627258753
-0.01606312630487282
-0.017148303418658598
-0.014573861743032459
-0.011026197034078217
-0.012047970721401617
-0.009143030574178231
-0.005647987128655583
-0.0070747269916705
-0.006730037063021134
-0.0023784702618964136
-0.0045305470220689354
-0.0033331660895448423
-0.00515155008568433
-0.004980547022481446
-0.004793295093952131
-0.022157939719310106
-0.02180346178291761
-0.019990380599648527
-0.01943475719262458
-0.020010059165383374
-0.014771258768872891
-0.015665185506357784
-0.014320219584953386
-0.010276325988501193
-0.00846163124327566
-0.009054474499164583
-0.006519325748933683
-0.0035885738393988008
-0.0025440501232844117
-0.004898335621113008
-0.004325610785917323
-0.003380494332291538
0.0007673500242950342
-0.006295497837002335
-0.004921675099673989
-0.0015151441850141114
-0.004590274407818984
-0.003394310035768235
0.00013964544112908422
-0.005404700041381474
-0.004126825546974778
-0.00012184541438724492
-0.003208530032597254
-0.0026899562679218985
-0.004726325309289677
-0.0046469981194904135
-0.0032506879033181377
0.001910811118844228
-0.0027667677477563653
-0.001872047815637153
0.004894269888722111
-0.0038737359975115175
-0.0024515071117056273
0.002745345610482652
-0.0014384680868931618
-0.0005607316353962392
0.006637136428133926
-0.001843448672740996
-0.0020965381679973485
-0.002222721657762683
-0.0031580566840530956
-0.003596053026007736
-0.004731559362612588
-0.004401649201417626
-0.004613654405329873
-0.0013555990460044599
-0.006439386441678063
-0.006586869863152895
-0.0037374913215909695
-0.008402792473644985
-0.008579766846336108
-0.007050842920420986
-0.020699041658230208
-0.021020643028393928
-0.019997474734824272
-0.021541948318933454
-0.021658526357153405
-0.020942848136903364
-0.018076113600846908
-0.018923396795056696
-0.01821583827898504
-0.019539583655582178
-0.020068355627363418
-0.019648347841201307
-0.019906451304976355
-0.020171791333795503
-0.019583137854618394
-0.020773998624278436
-0.021099089254134732
-0.020867435632012193
-0.01436920690200074
-0.014909891414427143
-0.014212543079565994
-0.01625343043298041
-0.016631208559007765
-0.01614867348913992
-0.017147419714575597
-0.01754498591583478
-0.016222601462607216
-0.018470501903880585
-0.018599088856736095
-0.017943323912501266
-0.01229232938338714
-0.012813349563288935
-0.012399631146484335
-0.015597340475243691
-0.016226350755623096
-0.014480771382949707
-0.009401755601612011
-0.009752471200393617
-0.008563311803096616
-0.010846326937059319
-0.011033930620789032
-0.010470504791079159
-0.012808089589731
-0.013245685857201232
-0.011098586658599452
-0.014067961955127937
-0.014485242529302953
-0.012700334559016533
-0.00805401762119733
-0.008113523454769064
-0.006490976084444943
-0.011661305086122882
-0.011799560528762692
-0.009569861840179867
-0.0035854632170767868
-0.0035675963650932596
-0.0033614633697149855
-0.006608040347340219
-0.0065756069398013525
-0.004766395755429185
-0.008834095756285838
-0.009156646143583996
-0.00695562782841316
-0.01034667607659652
-0.010309245552608402
-0.008326153111143797
-0.003533994854842498
-0.0034886497368669094
-0.003342638546841223
-0.007760433703817846
-0.007585362733238838
-0.005749186967931341
-0.028552401730897313
-0.02540742741799903
-0.023383559259606515
-0.026138504122253027
-0.023803941105314533
-0.0214478996963432
-0.002612409993760529
-0.001909037474080299
-0.003894937318421129
-0.0025871875331639482
-0.0014157336233403394
0.0028636467697315347
-0.003043114957897101
-0.0016794410841589683
0.003999259927952889
-0.0013066069129286726
-0.0011636663270430912
0.00022396095288664106
-0.002420386136846067
-0.0013130060707607595
0.005083063177622386
-0.0011137792239173942
-0.00014933974371766787
0.0048591022247357505
-0.0008144256335624886
-0.0007325155112065433
-0.0002614908555163215
-0.02484359693408733
-0.02110251857315221
-0.019540967473067564
-0.022959510220613516
-0.020068302905094995
-0.017374033792711116
-0.0033050110918565485
-0.003413001192334176
-0.002081140236465383
-0.0027782128125748693
-0.0026350945014076426
-0.002010058383041205
-0.002217071470900182
-0.001967880297728312
-0.0017946504233612764
-0.0018303377041294546
-0.001248394538738794
-0.0013672995756333689
-0.0012344149686962526
-0.001030733626771313
-0.0012190877908109185
-0.0008429066607032515
-0.0006378833287594724
-0.0009453734020791092
-0.0004160761448626038
-0.0008880273047802879
-0.0004303846685100453
-0.00277307982378791
-0.00045000000041250986
-0.0014601290044072876
0.0014192680224543934
-0.0005172394832637188
-0.00214721856730935
-0.004726250258664824
-0.0026211112497836874
-0.004207291883992055
-0.005248632539209053
-0.0055890497784907385
-0.003594164458698173
-0.003004795231123463
-0.002871605438092441
-0.0028153148285746453
-0.0036626243758878176
-0.0030782568242561765
-0.0030883221487386426
-0.0051087859338230825
-0.004892669327302285
-0.003528198323436607
-0.0067891077753536215
-0.006241963509331486
-0.004505992378258301
-0.002721730954284706
-0.002484409212517281
-0.002407976250886017
-0.003950725922942796
-0.004005510019710478
-0.0028729699294895864
-0.0012881740464436627
-0.0014492959704819261
-0.001086560351267058
-0.002020168889613353
-0.0019620319447952836
-0.001822618575358898
-0.0017147717975849407
-0.001797209986080718
-0.0011280918466768381
-0.0028179817588874748
-0.002678451027212345
-0.0018402986387289798
-0.0006241868022436366
-0.0008871884635269087
-0.0005653626686572996
-0.0007164721077294582
-0.0009961806502498689
-0.0005082839518439755
0.0
0.0
0.0
0.0
0.0
0.0
-0.0016418336070348134
-0.0011049303112349391
-0.00361521751328502
-0.0018929296458873568
-0.0005713832267088737
0.007161608636014125
-0.0021537340065012527
-0.000889662085317078
0.004899780359469206
-0.0014113473710569595
-0.00032343098247228006
0.00588809527542188
-0.0015840960572564141
-0.00047398014742249537
0.006644723890760866
-0.0005268165637120546
-0.00026577743352588037
0.002831160534776328
-0.0012982603998953853
-0.00014932763780481795
0.007775552918827166
-0.0007714438361833308
0.00011644979572106247
0.004944392384050832
-0.0030008035590592358
-0.0034342035136582278
0.0005031102572693097
-0.00422643884897535
-0.004096712996371929
-0.0024065484210901225
-0.001005613573738994
-0.00013675159032555534
0.008457146407553533
-0.0010863426229224722
-0.00013675159032555534
0.0076014854517889585
-0.003126483399465805
-0.003163706685075308
-0.0014176702295196626
-7.366901019572155e-05
-0.00010844202310378286
-0.0002333987570586535
-0.0010669465817546627
-0.0005554754486827368
-0.0036180118772731217
-0.00041452295567135847
-0.0003674460171726253
-0.0008070041015138052
-0.0004060317038544778
-0.00047881615130295515
-0.00033070288576147517
-0.0010899500629851086
-8.663757986118075e-05
-0.0005541459220509202
0.0010229752169249294
-0.0002244235011813581
-0.0011469497381494226
-0.0004293581589922329
-0.0014141632945152722
-0.002614702862731594
-0.00047595000978594023
-0.0002086403747630115
-0.0021547705909522635
0.00020917243122155148
-0.000164736818837466
-0.0018836195543503616
0.00020917243122155148
-0.000164736818837466
-0.0018836195543503616
0.0006140000531991665
-0.00012200279490183073
-0.0016006246689013429
0.0010267524472213658
-5.937556877049933e-05
-0.0004523474443700005
0.0013752957567424156
-9.475854344357304e-05
-0.0016425310703270237
-0.0061201771530885124
-0.004602428703562784
-0.004194157886101987
-0.0014523333759171632
-0.001189739793333914
-0.0014677531245821712
-0.021737515425737115
-0.01861357233857557
-0.01471852239722924
-0.019777268930303387
-0.01394051834341178
-0.01074108572547611
0.0
0.0
0.0
0.0
0.0
0.0
-0.0037386357292563057
-0.003733638612807047
-0.0035597573557146138
-0.0007856447735363835
-9.16849112395771e-06
0.006968069823425653
-0.0007917708035643506
-7.224714162426893e-06
0.007794267293951593
-0.00045592742473315247
-0.0002637074608186285
0.0011356131582213526
-0.0018468908477459142
-0.0022591625665626643
0.0014230259608753234
-0.0010529527487112599
-0.0012636746513640202
0.002112008099581999
-0.014367114045265528
-0.007706245920155615
-0.005799170223819755
-0.0002608043606138954
-0.00031827885860820425
-0.002261828276544922
-0.001228994968658089
-0.0015211008071931975
-0.0004649936786035688
-0.0021039907026996173
-0.002021063889209844
-0.0007128834948619607
-0.00016497452951543554
-6.328304237094269e-05
2.316122121612771e-05
-0.00017189784263433268
-7.384631907329098e-05
0.005010593965224882
-0.0005217524998862915
9.543556933375843e-05
0.007916731180375234
-0.0036072874649255566
-0.003686037073993626
-0.00307888575573494
-0.0034063339881189943
-0.003493214656807615
-0.0025352748555028492
-0.003221635018068621
-0.003451311908513926
-0.0022298297679373804
-0.00034985465725195883
0.00016928188840704942
0.002906137215150361
-0.00032805344405019556
-0.0004362504561475131
0.0013327233039758567
-0.0007978128692741202
-0.0007164190824170605
-1.7680063370081914e-05
0.0
0.0
0.0
0.0
0.0
0.0
-0.00042612485561342175
0.00013990941975958543
0.006879294130320391
-0.00042612485561342175
0.00013990941975958543
0.006879294130320391
-0.0001727486861994546
-0.00015054916495021526
0.0007566286153389777
-0.0004265977511412785
-0.00034791401559879217
-4.15314954097805e-05
-0.00022486994386438207
-0.00014843182752356565
-0.00047732195958098017
0.0013864097080315023
-5.937556877049933e-05
-0.00017951088457903916
0.001101844827154018
-5.937556877049933e-05
-0.000347214476377431
-0.00013170014839873934
0.0
-0.00028349175931454253
-0.00010954168674940519
0.0
-4.839841780508465e-05
-0.00029850045488877437
0.00013990941975958543
0.006299964785426475
-0.00029850045488877437
0.00013990941975958543
0.006299964785426475
-8.681001778924732e-07
9.399952951758266e-05
0.003805653494320126
-5.8574700300339804e-05
0.0001444914365376169
0.0049975537275370055
-1.76070204835348e-05
4.329033922446701e-05
0.00252708950092679
-1.76070204835348e-05
4.329033922446701e-05
0.00252708950092679
-5.770660012244733e-05
5.0491907020034256e-05
0.0011919002332168795
-6.126030027967034e-06
1.94377696153083e-06
0.0008261974705259427
-4.002166800049079e-05
-2.398384738573781e-05
0.0014690875990336712
-9.228530548582156e-05
-0.0001089921867229604
5.7078716813324e-05
0.0
0.0
0.0
0.0
0.0
0.0
-8.07290491834781e-05
0.0
-0.0008556609557645674
0.0
0.0
0.0
0.00034854330952104913
-3.53829746730737e-05
-0.0011901836259570235
-0.007892524175820856
-0.004073812288810979
-0.004017793006196315
-0.00028456488087748365
0.0
-0.00016770359179839182
0.0007352023655515435
-2.2173804577268192e-05
-0.0001937497025765403
0.0007352023655515435
-2.2173804577268192e-05
-0.0001937497025765403
0.0005079229928606673
8.913188996010745e-06
-0.0001937497025765403
0.0006031503618593703
8.913188996010745e-06
-0.0001937497025765403
-0.0060998622423767
-0.0021038717665199684
-0.002060073316682706
0.0
0.0
0.00037504007733359313
0.0
0.0
0.00037504007733359313
-2.8294721122965253e-05
0.0
0.0
0.0003513228078194051
8.913188996010745e-06
-5.163599223798823e-05
0.00018568365563103825
8.913188996010745e-06
-5.163599223798823e-05
0.00018568365563103825
8.913188996010745e-06
-5.163599223798823e-05
0.00037961752894237043
8.913188996010745e-06
-5.163599223798823e-05
9.522736899870274e-05
0.0
0.0
-0.00023539181583774659
-0.0002818803283195905
0.0
0.00010591880278967416
0.0
-5.163599223798823e-05
0.00010591880278967416
0.0
-5.163599223798823e-05
-3.840938196149217e-05
0.0
0.0
-4.565603874251707e-05
0.0
0.0
-4.246318749160594e-07
0.0
0.0
-4.246318749160594e-07
0.0
0.0
-1.9507692012627053e-05
0.0
0.0
0.0
0.0
0.0
0.0
0.0
0.0
0.0
0.0
0.0
0.0
0.0
0.0
0.0
0.0
0.0
0.0
0.0
0.0
0.0
0.0
0.0
0.0
0.0
0.0
0.0
0.0
0.0
0.0
0.0
0.0
0.0
0.0
0.0
0.0
0.0
0.0
0.0
0.0
0.0
0.0
0.0
0.0
0.0
0.0
0.0
0.0
0.0
0.0
0.0
0.0
0.0
0.0
0.0
0.0
0.0
0.0
0.0
0.0
0.0
0.0
0.0
0.0
0.0
0.0
0.0
0.0
0.0
0.0
0.0
0.0
0.0
0.0
0.0
0.0
0.0
0.0
0.0
0.0
0.0
0.0
0.0
0.0
0.0
0.0
0.0
0.0
0.0
0.0
0.0
0.0
0.0
0.0
0.0
0.0
0.0
0.0
0.0
0.0
0.0
0.0
0.0
0.0
0.0
0.0
0.0
0.0
0.0
0.0
0.0
0.0
0.0
0.0
0.0
0.0
0.0
0.0
0.0
0.0
0.0
0.0
0.0
0.0
0.0
0.0
0.0
0.0
0.0
0.0
0.0
0.0
0.0
0.0
0.0
0.0
0.0
0.0
0.0
0.0
0.0
0.0
0.0
0.0
0.0
0.0
0.0
0.0
0.0
0.0
0.0
0.0
0.0
0.0
0.0
0.0
0.0
0.0
0.0
0.0
0.0
0.0
0.0
0.0
0.0
0.0
0.0
0.0
0.0
0.0
0.0
0.0
0.0
0.0
0.0
0.0
0.0
0.0
0.0
0.0
0.0
0.0
0.0
0.0
0.0
0.0
0.0
0.0
0.0
0.0
0.0
0.0
0.0
0.0
0.0
0.0
0.0
0.0
0.0
0.0
0.0
0.0
0.0
0.0
0.0
0.0
0.0
0.0
0.0
0.0
0.0
0.0
0.0
0.0
0.0
0.0
0.0
0.0
0.0
0.0
0.0
0.0
0.0
0.0
0.0
0.0
0.0
0.0
0.0
0.0
0.0
0.0
0.0
0.0
0.0
0.0
0.0
0.0
0.0
0.0
0.0
0.0
0.0
0.0
0.0
0.0
0.0
0.0
0.0
0.0
0.0
0.0
0.0
0.0
0.0
0.0
0.0
0.0
0.0
0.0
0.0
0.0
0.0
0.0
0.0
0.0
0.0
0.0
0.0
0.0
0.0
0.0
0.0
0.0
0.0
0.0
0.0
0.0
0.0
0.0
0.0
0.0
0.0
0.0
0.0
0.0
0.0
0.0
0.0
0.0
0.0
0.0
0.0
0.0
0.0
0.0
0.0
0.0
0.0
0.0
0.0
0.0
0.0
0.0
0.0
0.0
0.0
0.0
0.0
0.0
0.0
0.0
0.0
0.0
0.0
0.0
0.0
0.0
0.0
0.0
0.0
0.0
0.0
0.0
0.0
0.0
0.0
0.0
0.0
0.0
0.0
0.0
0.0
0.0
0.0
0.0
0.0
0.0
0.0
0.0
0.0
0.0
0.0
0.0
0.0
0.0
0.0
0.0
0.0
0.0
0.0
0.0
0.0
0.0
0.0
0.0
0.0
0.0
0.0
0.0
0.0
0.0
0.0
0.0
0.0
0.0
0.0
0.0
0.0
0.0
0.0
0.0
0.0
0.0
0.0
0.0
0.0
0.0
0.0
0.0
0.0
0.0
0.0
0.0
0.0
0.0
0.0
0.0
0.0
0.0
0.0
0.0
0.0
0.0
0.0
0.0
0.0
0.0
0.0
0.0
0.0
0.0
0.0
0.0
0.0
0.0
0.0
0.0
0.0
0.0
0.0
0.0
0.0
0.0
0.0
0.0
0.0
0.0
0.0
0.0
0.0
0.0
0.0
0.0
0.0
0.0
0.0
0.0
0.0
0.0
0.0
0.0
0.0
0.0
0.0
0.0
0.0
0.0
0.0
0.0
0.0
0.0
0.0
0.0
0.0
0.0
0.0
0.0
0.0
0.0
0.0
0.0
0.0
0.0
0.0
0.0
0.0
0.0
0.0
0.0
0.0
0.0
0.0
0.0
0.0
0.0
0.0
0.0
0.0
0.0
0.0
0.0
0.0
0.0
0.0
0.0
0.0
0.0
0.0
0.0
0.0
0.0
0.0
0.0
0.0
0.0
0.0
0.0
0.0
0.0
0.0
0.0
0.0
0.0
0.0
0.0
0.0
0.0
0.0
0.0
0.0
0.0
0.0
0.0
0.0
0.0
0.0
0.0
0.0
0.0
0.0
0.0
0.0
0.0
0.0
0.0
0.0
0.0
0.0
0.0
0.0
0.0
0.0
0.0
0.0
0.0
0.0
0.0
0.0
0.0
0.0
0.0
0.0
0.0
0.0
0.0
0.0
0.0
0.0
0.0
0.0
0.0
0.0
0.0
0.0
0.0
0.0
0.0
0.0
0.0
0.0
0.0
0.0
0.0
0.0
0.0
0.0
0.0
0.0
0.0
0.0
0.0
0.0
0.0
0.0
0.0
0.0
0.0
0.0
0.0
0.0
0.0
0.0
0.0
0.0
0.0
0.0
0.0
0.0
0.0
0.0
0.0
0.0
0.0
0.0
0.0
0.0
0.0
0.0
0.0
0.0
0.0
0.0
0.0
0.0
0.0
0.0
0.0
0.0
0.0
0.0
0.0
0.0
0.0
0.0
0.0
0.0
0.0
0.0
0.0
0.0
0.0
0.0
0.0
0.0
0.0
0.0
0.0
0.0
0.0
0.0
0.0
0.0
0.0
0.0
0.0
0.0
0.0
0.0
0.0
0.0
0.0
0.0
0.0
0.0
0.0
0.0
0.0
0.0
0.0
0.0
0.0
0.0
0.0
0.0
0.0
0.0
0.0
0.0
0.0
0.0
0.0
0.0
0.0
0.0
0.0
0.0
0.0
0.0
0.0
0.0
0.0
0.0
0.0
0.0
0.0
0.0
0.0
0.0
0.0
0.0
0.0
0.0
0.0
0.0
0.0
0.0
0.0
0.0
0.0
0.0
0.0
0.0
0.0
0.0
0.0
0.0
0.0
0.0
0.0
0.0
0.0
0.0
0.0
0.0
0.0
0.0
0.0
0.0
0.0
0.0
0.0
0.0
0.0
0.0
0.0
0.0
0.0
0.0
0.0
0.0
0.0
0.0
0.0
0.0
0.0
0.0
0.0
0.0
0.0
0.0
0.0
0.0
0.0
0.0
0.0
0.0
0.0
0.0
0.0
0.0
0.0
0.0
0.0
0.0
0.0
0.0
0.0
0.0
0.0
0.0
0.0
0.0
0.0
0.0
0.0
0.0
0.0
0.0
0.0
0.0
0.0
0.0
0.0
0.0
0.0
0.0
0.0
0.0
0.0
0.0
0.0
0.0
0.0
0.0
0.0
0.0
0.0
0.0
0.0
0.0
0.0
0.0
0.0
0.0
0.0
0.0
0.0
0.0
0.0
0.0
0.0
0.0
0.0
0.0
0.0
0.0
0.0
0.0
0.0
0.0
0.0
0.0
0.0
0.0
0.0
0.0
0.0
0.0
0.0
0.0
0.0
0.0
0.0
0.0
0.0
0.0
0.0
0.0
0.0
0.0
0.0
0.0
0.0
0.0
0.0
0.0
0.0
0.0
0.0
0.0
0.0
0.0
0.0
0.0
0.0
0.0
0.0
0.0
0.0
0.0
0.0
0.0
0.0
0.0
0.0
0.0
0.0
0.0
0.0
0.0
0.0
0.0
0.0
0.0
0.0
0.0
0.0
0.0
0.0
0.0
0.0
0.0
0.0
0.0
0.0
0.0
0.0
0.0
0.0
0.0
0.0
0.0
0.0
0.0
0.0
0.0
0.0
0.0
0.0
0.0
0.0
0.0
0.0
0.0
0.0
0.0
0.0
0.0
0.0
0.0
0.0
0.0
0.0
0.0
0.0
0.0
0.0
0.0
0.0
0.0
0.0
0.0
0.0
0.0
0.0
0.0
0.0
0.0
0.0
0.0
0.0
0.0
0.0
0.0
0.0
0.0
0.0
0.0
0.0
0.0
0.0
0.0
0.0
0.0
0.0
0.0
0.0
0.0
0.0
0.0
0.0
0.0
0.0
0.0
0.0
0.0
0.0
0.0
0.0
0.0
0.0
0.0
0.0
0.0
0.0
0.0
0.0
0.0
0.0
0.0
0.0
0.0
0.0
0.0
0.0
0.0
0.0
0.0
0.0
0.0
0.0
0.0
0.0
0.0
0.0
0.0
0.0
0.0
0.0
0.0
0.0
0.0
0.0
0.0
0.0
0.0
0.0
0.0
0.0
0.0
0.0
0.0
0.0
0.0
0.0
0.0
0.0
0.0
0.0
0.0
0.0
0.0
0.0
0.0
0.0
0.0
0.0
0.0
0.0
0.0
0.0
0.0
0.0
0.0
0.0
0.0
0.0
0.0
0.0
0.0
0.0
0.0
0.0
0.0
0.0
0.0
0.0
0.0
0.0
0.0
0.0
0.0
0.0
0.0
0.0
0.0
0.0
0.0
0.0
0.0
0.0
0.0
0.0
0.0
0.0
0.0
0.0
0.0
0.0
0.0
0.0
0.0
0.0
0.0
0.0
0.0
0.0
0.0
0.0
0.0
0.0
0.0
0.0
0.0
0.0
0.0
0.0
0.0
0.0
0.0
0.0
0.0
0.0
0.0
0.0
0.0
0.0
0.0
0.0
0.0
0.0
0.0
0.0
0.0
0.0
0.0
0.0
0.0
0.0
0.0
0.0
0.0
0.0
0.0
0.0
0.0
0.0
0.0
0.0
0.0
0.0
0.0
0.0
0.0
0.0
0.0
0.0
0.0
0.0
0.0
0.0
0.0
0.0
0.0
0.0
0.0
0.0
0.0
0.0
0.0
0.0
0.0
0.0
0.0
0.0
0.0
0.0
0.0
0.0
0.0
0.0
0.0
0.0
0.0
0.0
0.0
0.0
0.0
0.0
0.0
0.0
0.0
0.0
0.0
0.0
0.0
0.0
0.0
0.0
0.0
0.0
0.0
0.0
0.0
0.0
0.0
0.0
0.0
0.0
0.0
0.0
0.0
0.0
0.0
0.0
0.0
0.0
0.0
0.0
0.0
0.0
0.0
0.0
0.0
0.0
0.0
0.0
0.0
0.0
0.0
0.0
0.0
0.0
0.0
0.0
0.0
0.0
0.0
0.0
0.0
0.0
0.0
0.0
0.0
0.0
0.0
0.0
0.0
0.0
0.0
0.0
0.0
0.0
0.0
0.0
0.0
0.0
0.0
0.0
0.0
0.0
0.0
0.0
0.0
0.0
0.0
0.0
0.0
0.0
0.0
0.0
0.0
0.0
0.0
0.0
0.0
0.0
0.0
0.0
0.0
0.0
0.0
0.0
0.0
0.0
0.0
0.0
0.0
0.0
0.0
0.0
0.0
0.0
0.0
0.0
0.0
0.0
0.0
0.0
0.0
0.0
0.0
0.0
0.0
0.0
0.0
0.0
0.0
0.0
0.0
0.0
0.0
0.0
0.0
0.0
0.0
0.0
0.0
0.0
0.0
0.0
0.0
0.0
0.0
0.0
0.0
0.0
0.0
0.0
0.0
0.0
0.0
0.0
0.0
0.0
0.0
0.0
0.0
0.0
0.0
0.0
0.0
0.0
0.0
0.0
0.0
0.0
0.0
0.0
0.0
0.0
0.0
0.0
0.0
0.0
0.0
0.0
0.0
0.0
0.0
0.0
0.0
0.0
0.0
0.0
0.0
0.0
0.0
0.0
0.0
0.0
0.0
0.0
0.0
0.0
0.0
0.0
0.0
0.0
0.0
0.0
0.0
0.0
0.0
0.0
0.0
0.0
0.0
0.0
0.0
0.0
0.0
0.0
0.0
0.0
0.0
0.0
0.0
0.0
0.0
0.0
0.0
0.0
0.0
0.0
0.0
0.0
0.0
0.0
0.0
0.0
0.0
0.0
0.0
0.0
0.0
0.0
0.0
0.0
0.0
0.0
0.0
0.0
0.0
0.0
0.0
0.0
0.0
0.0
0.0
0.0
0.0
0.0
0.0
0.0
0.0
0.0
0.0
0.0
0.0
0.0
0.0
0.0
0.0
0.0
0.0
0.0
0.0
0.0
0.0
0.0
0.0
0.0
0.0
0.0
0.0
0.0
0.0
0.0
0.0
0.0
0.0
0.0
0.0
0.0
0.0
0.0
0.0
0.0
0.0
0.0
0.0
0.0
0.0
0.0
0.0
0.0
0.0
0.0
0.0
0.0
0.0
0.0
0.0
0.0
0.0
0.0
0.0
0.0
0.0
0.0
0.0
0.0
0.0
0.0
0.0
0.0
0.0
0.0
0.0
0.0
0.0
0.0
0.0
0.0
0.0
0.0
0.0
0.0
0.0
0.0
0.0
0.0
0.0
0.0
0.0
0.0
0.0
0.0
0.0
0.0
0.0
0.0
0.0
0.0
0.0
0.0
0.0
0.0
0.0
0.0
0.0
0.0
0.0
0.0
0.0
0.0
0.0
0.0
0.0
0.0
0.0
0.0
0.0
0.0
0.0
0.0
0.0
0.0
0.0
0.0
0.0
0.0
0.0
0.0
0.0
0.0
0.0
0.0
0.0
0.0
0.0
0.0
0.0
0.0
0.0
0.0
0.0
0.0
0.0
0.0
0.0
0.0
0.0
0.0
0.0
0.0
0.0
0.0
0.0
0.0
0.0
0.0
0.0
0.0
0.0
0.0
0.0
0.0
0.0
0.0
0.0
0.0
0.0
0.0
0.0
0.0
0.0
0.0
0.0
0.0
0.0
0.0
0.0
0.0
0.0
0.0
0.0
0.0
0.0
0.0
0.0
0.0
0.0
0.0
0.0
0.0
0.0
0.0
0.0
0.0
0.0
0.0
0.0
0.0
0.0
0.0
0.0
0.0
0.0
0.0
0.0
0.0
0.0
0.0
0.0
0.0
0.0
0.0
0.0
0.0
0.0
0.0
0.0
0.0
0.0
0.0
0.0
0.0
0.0
0.0
0.0
0.0
0.0
0.0
0.0
0.0
0.0
0.0
0.0
0.0
0.0
0.0
0.0
0.0
0.0
0.0
0.0
0.0
0.0
0.0
0.0
0.0
0.0
0.0
0.0
0.0
0.0
0.0
0.0
0.0
0.0
0.0
0.0
0.0
0.0
0.0
0.0
0.0
0.0
0.0
0.0
0.0
0.0
0.0
0.0
0.0
0.0
0.0
0.0
0.0
0.0
0.0
0.0
0.0
0.0
0.0
0.0
0.0
0.0
0.0
0.0
0.0
0.0
0.0
0.0
0.0
0.0
0.0
0.0
0.0
0.0
0.0
0.0
0.0
0.0
0.0
0.0
0.0
0.0
0.0
0.0
0.0
0.0
0.0
0.0
0.0
0.0
0.0
0.0
0.0
0.0
0.0
0.0
0.0
0.0
0.0
0.0
0.0
0.0
0.0
0.0
0.0
0.0
0.0
0.0
0.0
0.0
0.0
0.0
0.0
0.0
0.0
0.0
0.0
0.0
0.0
0.0
0.0
0.0
0.0
0.0
0.0
0.0
0.0
0.0
0.0
0.0
0.0
0.0
0.0
0.0
0.0
0.0
0.0
0.0
0.0
0.0
0.0
0.0
0.0
0.0
0.0
0.0
0.0
0.0
0.0
0.0
0.0
0.0
0.0
0.0
0.0
0.0
0.0
0.0
0.0
0.0
0.0
0.0
0.0
0.0
0.0
0.0
0.0
0.0
0.0
0.0
0.0
0.0
0.0
0.0
0.0
0.0
0.0
0.0
0.0
0.0
0.0
0.0
0.0
0.0
0.0
0.0
0.0
0.0
0.0
0.0
0.0
0.0
0.0
0.0
0.0
0.0
0.0
0.0
0.0
0.0
0.0
0.0
0.0
0.0
0.0
0.0
0.0
0.0
0.0
0.0
0.0
0.0
0.0
0.0
0.0
0.0
0.0
0.0
0.0
0.0
0.0
0.0
0.0
0.0
0.0
0.0
0.0
0.0
0.0
0.0
0.0
0.0
0.0
0.0
0.0
0.0
0.0
0.0
0.0
0.0
0.0
0.0
0.0
0.0
0.0
0.0
0.0
0.0
0.0
0.0
0.0
0.0
0.0
0.0
0.0
0.0
0.0
0.0
0.0
0.0
0.0
0.0
0.0
0.0
0.0
0.0
0.0
0.0
0.0
0.0
0.0
0.0
0.0
0.0
0.0
0.0
0.0
0.0
0.0
0.0
0.0
0.0
0.0
0.0
0.0
0.0
0.0
0.0
0.0
0.0
0.0
0.0
0.0
0.0
0.0
0.0
0.0
0.0
0.0
0.0
0.0
0.0
0.0
0.0
0.0
0.0
0.0
0.0
0.0
0.0
0.0
0.0
0.0
0.0
0.0
0.0
0.0
0.0
0.0
0.0
0.0
0.0
0.0
0.0
0.0
0.0
0.0
0.0
0.0
0.0
0.0
0.0
0.0
0.0
0.0
0.0
0.0
0.0
0.0
0.0
0.0
0.0
0.0
0.0
0.0
0.0
0.0
0.0
0.0
0.0
0.0
0.0
0.0
0.0
0.0
0.0
0.0
0.0
0.0
0.0
0.0
0.0
0.0
0.0
0.0
0.0
0.0
0.0
0.0
0.0
0.0
0.0
0.0
0.0
0.0
0.0
0.0
0.0
0.0
0.0
0.0
0.0
0.0
0.0
0.0
0.0
0.0
0.0
0.0
0.0
0.0
0.0
0.0
0.0
0.0
0.0
0.0
0.0
0.0
0.0
0.0
0.0
0.0
0.0
0.0
0.0
0.0
0.0
0.0
0.0
0.0
0.0
0.0
0.0
0.0
0.0
0.0
0.0
0.0
0.0
0.0
0.0
0.0
0.0
0.0
0.0
0.0
0.0
0.0
0.0
0.0
0.0
0.0
0.0
0.0
0.0
0.0
0.0
0.0
0.0
0.0
0.0
0.0
0.0
0.0
0.0
0.0
0.0
0.0
0.0
0.0
0.0
0.0
0.0
0.0
0.0
0.0
0.0
0.0
0.0
0.0
0.0
0.0
0.0
0.0
0.0
0.0
0.0
0.0
0.0
0.0
0.0
0.0
0.0
0.0
0.0
0.0
0.0
0.0
0.0
0.0
0.0
0.0
0.0
0.0
0.0
0.0
0.0
0.0
0.0
0.0
0.0
0.0
0.0
0.0
0.0
0.0
0.0
0.0
0.0
0.0
0.0
0.0
0.0
0.0
0.0
0.0
0.0
0.0
0.0
0.0
0.0
0.0
0.0
0.0
0.0
0.0
0.0
0.0
0.0
0.0
0.0
0.0
0.0
0.0
0.0
0.0
0.0
0.0
0.0
0.0
0.0
0.0
0.0
0.0
0.0
0.0
0.0
0.0
0.0
0.0
0.0
0.0
0.0
0.0
0.0
0.0
0.0
0.0
0.0
0.0
0.0
0.0
0.0
0.0
0.0
0.0
0.0
0.0
0.0
0.0
0.0
0.0
0.0
0.0
0.0
0.0
0.0
0.0
0.0
0.0
0.0
0.0
0.0
0.0
0.0
0.0
0.0
0.0
0.0
0.0
0.0
0.0
0.0
0.0
0.0
0.0
0.0
0.0
0.0
0.0
0.0
0.0
0.0
0.0
0.0
0.0
0.0
0.0
0.0
0.0
0.0
0.0
0.0
0.0
0.0
0.0
0.0
0.0
0.0
0.0
0.0
0.0
0.0
0.0
0.0
0.0
0.0
0.0
0.0
0.0
0.0
0.0
0.0
0.0
0.0
0.0
0.0
0.0
0.0
0.0
0.0
0.0
0.0
0.0
0.0
0.0
0.0
0.0
0.0
0.0
0.0
0.0
0.0
0.0
0.0
0.0
0.0
0.0
0.0
0.0
0.0
0.0
0.0
0.0
0.0
0.0
0.0
0.0
0.0
0.0
0.0
0.0
0.0
0.0
0.0
0.0
0.0
0.0
0.0
0.0
0.0
0.0
0.0
0.0
0.0
0.0
0.0
0.0
0.0
0.0
0.0
0.0
0.0
0.0
0.0
0.0
0.0
0.0
0.0
0.0
0.0
0.0
0.0
0.0
0.0
0.0
0.0
0.0
0.0
0.0
0.0
0.0
0.0
0.0
0.0
0.0
0.0
0.0
0.0
0.0
0.0
0.0
0.0
0.0
0.0
0.0
0.0
0.0
0.0
0.0
0.0
0.0
0.0
0.0
0.0
0.0
0.0
0.0
0.0
0.0
0.0
0.0
0.0
0.0
0.0
0.0
0.0
0.0
0.0
0.0
0.0
0.0
0.0
0.0
0.0
0.0
0.0
0.0
0.0
0.0
0.0
0.0
0.0
0.0
0.0
0.0
0.0
0.0
0.0
0.0
0.0
0.0
0.0
0.0
0.0
0.0
0.0
0.0
0.0
0.0
0.0
0.0
0.0
0.0
0.0
0.0
0.0
0.0
0.0
0.0
0.0
0.0
0.0
0.0
0.0
0.0
0.0
0.0
0.0
0.0
0.0
0.0
0.0
0.0
0.0
0.0
0.0
0.0
0.0
0.0
0.0
0.0
0.0
0.0
0.0
0.0
0.0
0.0
0.0
0.0
0.0
0.0
0.0
0.0
0.0
0.0
0.0
0.0
0.0
0.0
0.0
0.0
0.0
0.0
0.0
0.0
0.0
0.0
0.0
0.0
0.0
0.0
0.0
0.0
0.0
0.0
0.0
0.0
0.0
0.0
0.0
0.0
0.0
0.0
0.0
0.0
0.0
0.0
0.0
0.0
0.0
0.0
0.0
0.0
0.0
0.0
0.0
0.0
0.0
0.0
0.0
0.0
0.0
0.0
0.0
0.0
0.0
0.0
0.0
0.0
0.0
0.0
0.0
0.0
0.0
0.0
0.0
0.0
0.0
0.0
0.0
0.0
0.0
0.0
0.0
0.0
0.0
0.0
0.0
0.0
0.0
0.0
0.0
0.0
0.0
0.0
0.0
0.0
0.0
0.0
0.0
0.0
0.0
0.0
0.0
0.0
0.0
0.0
0.0
0.0
0.0
0.0
0.0
0.0
0.0
0.0
0.0
0.0
0.0
0.0
0.0
0.0
0.0
0.0
0.0
0.0
0.0
0.0
0.0
0.0
0.0
0.0
0.0
0.0
0.0
0.0
0.0
0.0
0.0
0.0
0.0
0.0
0.0
0.0
0.0
0.0
0.0
0.0
0.0
0.0
0.0
0.0
0.0
0.0
0.0
0.0
0.0
0.0
0.0
0.0
0.0
0.0
0.0
0.0
0.0
0.0
0.0
0.0
0.0
0.0
0.0
0.0
0.0
0.0
0.0
0.0
0.0
0.0
0.0
0.0
0.0
0.0
0.0
0.0
0.0
0.0
0.0
0.0
0.0
0.0
0.0
0.0
0.0
0.0
0.0
0.0
0.0
0.0
0.0
0.0
0.0
0.0
0.0
0.0
0.0
0.0
0.0
0.0
0.0
0.0
0.0
0.0
0.0
0.0
0.0
0.0
0.0
0.0
0.0
0.0
0.0
0.0
0.0
0.0
0.0
0.0
0.0
0.0
0.0
0.0
0.0
0.0
0.0
0.0
0.0
0.0
0.0
0.0
0.0
0.0
0.0
0.0
0.0
0.0
0.0
0.0
0.0
0.0
0.0
0.0
0.0
0.0
0.0
0.0
0.0
0.0
0.0
0.0
0.0
0.0
0.0
0.0
0.0
0.0
0.0
0.0
0.0
0.0
0.0
0.0
0.0
0.0
0.0
0.0
0.0
0.0
0.0
0.0
0.0
0.0
0.0
0.0
0.0
0.0
0.0
0.0
0.0
0.0
0.0
0.0
0.0
0.0
0.0
0.0
0.0
0.0
0.0
0.0
0.0
0.0
0.0
0.0
0.0
0.0
0.0
0.0
0.0
0.0
0.0
0.0
0.0
0.0
0.0
0.0
0.0
0.0
0.0
0.0
0.0
0.0
0.0
0.0
0.0
0.0
0.0
0.0
0.0
0.0
0.0
0.0
0.0
0.0
0.0
0.0
0.0
0.0
0.0
0.0
0.0
0.0
0.0
0.0
0.0
0.0
0.0
0.0
0.0
0.0
0.0
0.0
0.0
0.0
0.0
0.0
0.0
0.0
0.0
0.0
0.0
0.0
0.0
0.0
0.0
0.0
0.0
0.0
0.0
0.0
0.0
0.0
0.0
0.0
0.0
0.0
0.0
0.0
0.0
0.0
0.0
0.0
0.0
0.0
0.0
0.0
0.0
0.0
0.0
0.0
0.0
0.0
0.0
0.0
0.0
0.0
0.0
0.0
0.0
0.0
0.0
0.0
0.0
0.0
0.0
0.0
0.0
0.0
0.0
0.0
0.0
0.0
0.0
0.0
0.0
0.0
0.0
0.0
0.0
0.0
0.0
0.0
0.0
0.0
0.0
0.0
0.0
0.0
0.0
0.0
0.0
0.0
0.0
0.0
0.0
0.0
0.0
0.0
0.0
0.0
0.0
0.0
0.0
0.0
0.0
0.0
0.0
0.0
0.0
0.0
0.0
0.0
0.0
0.0
0.0
0.0
0.0
0.0
0.0
0.0
0.0
0.0
0.0
0.0
0.0
0.0
0.0
0.0
0.0
0.0
0.0
0.0
0.0
0.0
0.0
0.0
0.0
0.0
0.0
0.0
0.0
0.0
0.0
0.0
0.0
0.0
0.0
0.0
0.0
0.0
0.0
0.0
0.0
0.0
0.0
0.0
0.0
0.0
0.0
0.0
0.0
0.0
0.0
0.0
0.0
0.0
0.0
0.0
0.0
0.0
0.0
0.0
0.0
0.0
0.0
0.0
0.0
0.0
0.0
0.0
0.0
0.0
0.0
0.0
0.0
0.0
0.0
0.0
0.0
0.0
0.0
0.0
0.0
0.0
0.0
0.0
0.0
0.0
0.0
0.0
0.0
0.0
0.0
0.0
0.0
0.0
0.0
0.0
0.0
0.0
0.0
0.0
0.0
0.0
0.0
0.0
0.0
0.0
0.0
0.0
0.0
0.0
0.0
0.0
0.0
0.0
0.0
0.0
0.0
0.0
0.0
0.0
0.0
0.0
0.0
0.0
0.0
0.0
0.0
0.0
0.0
0.0
0.0
0.0
0.0
0.0
0.0
0.0
0.0
0.0
0.0
0.0
0.0
0.0
0.0
0.0
0.0
0.0
0.0
0.0
0.0
0.0
0.0
0.0
0.0
0.0
0.0
0.0
0.0
0.0
0.0
0.0
0.0
0.0
0.0
0.0
0.0
0.0
0.0
0.0
0.0
0.0
0.0
0.0
0.0
0.0
0.0
0.0
0.0
0.0
0.0
0.0
0.0
0.0
0.0
0.0
0.0
0.0
0.0
0.0
0.0
0.0
0.0
0.0
0.0
0.0
0.0
0.0
0.0
0.0
0.0
0.0
0.0
0.0
0.0
0.0
0.0
0.0
0.0
0.0
0.0
0.0
0.0
0.0
0.0
0.0
0.0
0.0
0.0
0.0
0.0
0.0
0.0
0.0
0.0
0.0
0.0
0.0
0.0
0.0
0.0
0.0
0.0
0.0
0.0
0.0
0.0
0.0
0.0
0.0
0.0
0.0
0.0
0.0
0.0
0.0
0.0
0.0
0.0
0.0
0.0
0.0
0.0
0.0
0.0
0.0
0.0
0.0
0.0
0.0
0.0
0.0
0.0
0.0
0.0
0.0
0.0
0.0
0.0
0.0
0.0
0.0
0.0
0.0
0.0
0.0
0.0
0.0
0.0
0.0
0.0
0.0
0.0
0.0
0.0
0.0
0.0
0.0
0.0
0.0
0.0
0.0
0.0
0.0
0.0
0.0
0.0
0.0
0.0
0.0
0.0
0.0
0.0
0.0
0.0
0.0
0.0
0.0
0.0
0.0
0.0
0.0
0.0
0.0
0.0
0.0
0.0
0.0
0.0
0.0
0.0
0.0
0.0
0.0
0.0
0.0
0.0
0.0
0.0
0.0
0.0
0.0
0.0
0.0
0.0
0.0
0.0
0.0
0.0
0.0
0.0
0.0
0.0
0.0
0.0
0.0
0.0
0.0
0.0
0.0
0.0
0.0
0.0
0.0
0.0
0.0
0.0
0.0
0.0
0.0
0.0
0.0
0.0
0.0
0.0
0.0
0.0
0.0
0.0
0.0
0.0
0.0
0.0
0.0
0.0
0.0
0.0
0.0
0.0
0.0
0.0
0.0
0.0
0.0
0.0
0.0
0.0
0.0
0.0
0.0
0.0
0.0
0.0
0.0
0.0
0.0
0.0
0.0
0.0
0.0
0.0
0.0
0.0
0.0
0.0
0.0
0.0
0.0
0.0
0.0
0.0
0.0
0.0
0.0
0.0
0.0
0.0
0.0
0.0
0.0
0.0
0.0
0.0
0.0
0.0
0.0
0.0
0.0
0.0
0.0
0.0
0.0
0.0
0.0
0.0
0.0
0.0
0.0
0.0
0.0
0.0
0.0
0.0
0.0
0.0
0.0
0.0
0.0
0.0
0.0
0.0
0.0
0.0
0.0
0.0
0.0
0.0
0.0
0.0
0.0
0.0
0.0
0.0
0.0
0.0
0.0
0.0
0.0
0.0
0.0
0.0
0.0
0.0
0.0
0.0
0.0
0.0
0.0
0.0
0.0
0.0
0.0
0.0
0.0
0.0
0.0
0.0
0.0
0.0
0.0
0.0
0.0
0.0
0.0
0.0
0.0
0.0
0.0
0.0
0.0
0.0
0.0
0.0
0.0
0.0
0.0
0.0
0.0
0.0
0.0
0.0
0.0
0.0
0.0
0.0
0.0
0.0
0.0
0.0
0.0
0.0
0.0
0.0
0.0
0.0
0.0
0.0
0.0
0.0
0.0
0.0
0.0
0.0
0.0
0.0
0.0
0.0
0.0
0.0
0.0
0.0
0.0
0.0
0.0
0.0
0.0
0.0
0.0
0.0
0.0
0.0
0.0
0.0
0.0
0.0
0.0
0.0
0.0
0.0
0.0
0.0
0.0
0.0
0.0
0.0
0.0
0.0
0.0
0.0
0.0
0.0
0.0
0.0
0.0
0.0
0.0
0.0
0.0
0.0
0.0
0.0
0.0
0.0
0.0
0.0
0.0
0.0
0.0
0.0
0.0
0.0
0.0
0.0
0.0
0.0
0.0
0.0
0.0
0.0
0.0
0.0
0.0
0.0
0.0
0.0
0.0
0.0
0.0
0.0
0.0
0.0
0.0
0.0
0.0
0.0
0.0
0.0
0.0
0.0
0.0
0.0
0.0
0.0
0.0
0.0
0.0
0.0
0.0
0.0
0.0
0.0
0.0
0.0
0.0
0.0
0.0
0.0
0.0
0.0
0.0
0.0
0.0
0.0
0.0
0.0
0.0
0.0
0.0
0.0
0.0
0.0
0.0
0.0
0.0
0.0
0.0
0.0
0.0
0.0
0.0
0.0
0.0
0.0
0.0
0.0
0.0
0.0
0.0
0.0
0.0
0.0
0.0
0.0
0.0
0.0
0.0
0.0
0.0
0.0
0.0
0.0
0.0
0.0
0.0
0.0
0.0
0.0
0.0
0.0
0.0
0.0
0.0
0.0
0.0
0.0
0.0
0.0
0.0
0.0
0.0
0.0
0.0
0.0
0.0
0.0
0.0
0.0
0.0
0.0
0.0
0.0
0.0
0.0
0.0
0.0
0.0
0.0
0.0
0.0
0.0
0.0
0.0
0.0
0.0
0.0
0.0
0.0
0.0
0.0
0.0
0.0
0.0
0.0
0.0
0.0
0.0
0.0
0.0
0.0
0.0
0.0
